<?xml version="1.0" encoding="UTF-8"?>
<!-- Generated by org.testng.reporters.JUnitXMLReporter -->
<testsuite hostname="GGD-SER-PC-01" ignored="0" name="Default test" tests="5" failures="0" timestamp="2022-05-09T15:04:30 IST" time="0.063" errors="0">
  <testcase name="d1" time="0.01" classname="TestNGAssignment.TestNGpractice"/>
  <testcase name="d1" time="0.003" classname="TestNGAssignment.TestNGpractice"/>
  <testcase name="d1" time="0.002" classname="TestNGAssignment.TestNGpractice"/>
  <testcase name="d1" time="0.001" classname="TestNGAssignment.TestNGpractice"/>
  <testcase name="d1" time="0.001" classname="TestNGAssignment.TestNGpractice"/>
</testsuite> <!-- Default test -->
